2022-01-06 03:27 tobias-weiss.org Status:200
2022-01-06 03:27 experimente.wirtschaft.uni-giessen.de Status:301
2022-01-06 03:27 experiment.wiwi.uni-jena.de Status:301
2022-01-06 03:33 tobias-weiss.org Status:200
2022-01-06 03:33 https://experimente.wirtschaft.uni-giessen.de/home/about Status:[Errno 111] Connection refused
2022-01-06 03:33 https://experiment.wiwi.uni-jena.de/public/ Status:[Errno 111] Connection refused
2022-01-06 03:49 tobias-weiss.org Status:200
2022-01-06 04:02 tobias-weiss.org Status:200
2022-01-06 04:03 tobias-weiss.org Status:200
2022-01-06 04:06 tobias-weiss.org Status:200
2022-01-06 04:08 tobias-weiss.org Status:200
2022-01-06 04:08 https://experimente.wirtschaft.uni-giessen.de/home/about Status:[Errno 111] Connection refused
2022-01-06 04:08 https://experiment.wiwi.uni-jena.de/public/ Status:[Errno 111] Connection refused
2022-01-06 04:08 tobias-weiss.org Status:200
2022-01-06 04:08 https://experimente.wirtschaft.uni-giessen.de/home/about Status:[Errno 111] Connection refused
2022-01-06 04:08 https://experiment.wiwi.uni-jena.de/public/ Status:[Errno 111] Connection refused
2022-01-06 04:20 tobias-weiss.org Status:200
2022-01-06 04:20 https://experimente.wirtschaft.uni-giessen.de/home/about Status:[Errno 111] Connection refused
2022-01-06 04:20 https://experiment.wiwi.uni-jena.de/public/ Status:[Errno 111] Connection refused
2022-01-06 04:21 tobias-weiss.org Status:200
2022-01-06 04:21 https://experimente.wirtschaft.uni-giessen.de/home/about Status:403
2022-01-06 04:21 https://experiment.wiwi.uni-jena.de/public/ Status:403
2022-01-06 04:25 tobias-weiss.org Status:200
2022-01-06 04:25 https://experimente.wirtschaft.uni-giessen.de/home/about Status:403
2022-01-06 04:25 https://experiment.wiwi.uni-jena.de/public/ Status:403
2022-01-06 04:27 tobias-weiss.org Status:200
2022-01-06 04:27 https://experimente.wirtschaft.uni-giessen.de/ Status:403
2022-01-06 04:27 https://experiment.wiwi.uni-jena.de/ Status:403
2022-01-06 04:39 tobias-weiss.org Status:200
2022-01-06 04:39 https://experimente.wirtschaft.uni-giessen.de/ Status:403
2022-01-06 04:39 https://experiment.wiwi.uni-jena.de/ Status:403
2022-01-06 04:43 tobias-weiss.org Status:200
2022-01-06 04:43 https://experimente.wirtschaft.uni-giessen.de/ Status:403
2022-01-06 04:43 https://experiment.wiwi.uni-jena.de/ Status:403
2022-01-06 04:44 tobias-weiss.org Status:200
2022-01-06 04:44 https://experimente.wirtschaft.uni-giessen.de/ Status:403
2022-01-06 04:44 https://experiment.wiwi.uni-jena.de/ Status:403
2022-01-06 04:44 tobias-weiss.org Status:Idle
2022-01-06 04:44 https://experimente.wirtschaft.uni-giessen.de/ Status:Idle
2022-01-06 04:44 https://experiment.wiwi.uni-jena.de/ Status:Idle
2022-01-06 04:45 tobias-weiss.org Status:Idle
2022-01-06 04:45 https://experimente.wirtschaft.uni-giessen.de/ Status:Idle
2022-01-06 04:45 https://experiment.wiwi.uni-jena.de/ Status:Idle
2022-01-06 04:46 tobias-weiss.org Status:200
2022-01-06 04:46 https://experimente.wirtschaft.uni-giessen.de/ Status:403
2022-01-06 04:46 https://experiment.wiwi.uni-jena.de/ Status:403
2022-01-06 04:47 tobias-weiss.org Status:200
2022-01-06 04:47 https://experimente.wirtschaft.uni-giessen.de/ Status:403
2022-01-06 04:47 https://experiment.wiwi.uni-jena.de/ Status:403
2022-01-06 04:47 tobias-weiss.org Status:200
2022-01-06 04:47 https://experimente.wirtschaft.uni-giessen.de/ Status:403
2022-01-06 04:47 https://experiment.wiwi.uni-jena.de/ Status:403
2022-01-06 04:47 tobias-weiss.org Status:200
2022-01-06 04:47 https://experimente.wirtschaft.uni-giessen.de/ Status:403
2022-01-06 04:47 https://experiment.wiwi.uni-jena.de/ Status:403
2022-01-06 04:48 tobias-weiss.org Status:200
2022-01-06 04:48 https://experimente.wirtschaft.uni-giessen.de/ Status:200
2022-01-06 04:48 https://experiment.wiwi.uni-jena.de/ Status:302
2022-01-06 04:51 tobias-weiss.org Status:200
2022-01-06 04:51 https://experimente.wirtschaft.uni-giessen.de/ Status:200
2022-01-06 04:51 https://experiment.wiwi.uni-jena.de/public Status:301
2022-01-06 04:51 http://deadbeef/ Status:[Errno 111] Connection refused
2022-01-06 04:51 tobias-weiss.org Status:200
2022-01-06 04:51 https://experimente.wirtschaft.uni-giessen.de/ Status:200
2022-01-06 04:51 https://experiment.wiwi.uni-jena.de/public/ Status:200
2022-01-06 04:51 http://deadbeef/ Status:[Errno 111] Connection refused
2022-01-06 05:03 tobias-weiss.org Status:200
2022-01-06 05:03 https://experimente.wirtschaft.uni-giessen.de/ Status:200
2022-01-06 05:03 https://experiment.wiwi.uni-jena.de/public/ Status:200
2022-01-06 05:03 http://deadbeef/ Status:[Errno 111] Connection refused
2022-01-06 05:04 tobias-weiss.org Status:200
2022-01-06 05:04 https://experimente.wirtschaft.uni-giessen.de/ Status:200
2022-01-06 05:04 https://experiment.wiwi.uni-jena.de/public/ Status:200
2022-01-06 05:05 tobias-weiss.org Status:200
2022-01-06 05:05 https://experimente.wirtschaft.uni-giessen.de/ Status:200
2022-01-06 05:05 https://experiment.wiwi.uni-jena.de/public/ Status:200
2022-01-06 05:06 tobias-weiss.org Status:200
2022-01-06 05:06 https://experimente.wirtschaft.uni-giessen.de/ Status:200
2022-01-06 05:06 https://experiment.wiwi.uni-jena.de/public/ Status:200
2022-01-06 05:07 tobias-weiss.org Status:200
2022-01-06 05:07 https://experimente.wirtschaft.uni-giessen.de/ Status:200
2022-01-06 05:07 https://experiment.wiwi.uni-jena.de/public/ Status:200
2022-01-06 05:08 tobias-weiss.org Status:200
2022-01-06 05:08 https://experimente.wirtschaft.uni-giessen.de/ Status:200
2022-01-06 05:08 https://experiment.wiwi.uni-jena.de/public/ Status:200
2022-01-06 05:09 tobias-weiss.org Status:200
2022-01-06 05:09 https://experimente.wirtschaft.uni-giessen.de/ Status:200
2022-01-06 05:09 https://experiment.wiwi.uni-jena.de/public/ Status:200
2022-01-06 05:10 tobias-weiss.org Status:200
2022-01-06 05:10 https://experimente.wirtschaft.uni-giessen.de/ Status:200
2022-01-06 05:10 https://experiment.wiwi.uni-jena.de/public/ Status:200
2022-01-06 05:11 tobias-weiss.org Status:200
2022-01-06 05:11 https://experimente.wirtschaft.uni-giessen.de/ Status:200
2022-01-06 05:11 https://experiment.wiwi.uni-jena.de/public/ Status:200
2022-01-06 05:12 tobias-weiss.org Status:200
2022-01-06 05:12 https://experimente.wirtschaft.uni-giessen.de/ Status:200
2022-01-06 05:12 https://experiment.wiwi.uni-jena.de/public/ Status:200
2022-01-06 05:13 tobias-weiss.org Status:200
2022-01-06 05:13 https://experimente.wirtschaft.uni-giessen.de/ Status:200
2022-01-06 05:13 https://experiment.wiwi.uni-jena.de/public/ Status:200
2022-01-06 05:14 tobias-weiss.org Status:200
2022-01-06 05:14 https://experimente.wirtschaft.uni-giessen.de/ Status:200
2022-01-06 05:14 https://experiment.wiwi.uni-jena.de/public/ Status:200
2022-01-06 05:15 tobias-weiss.org Status:200
2022-01-06 05:15 https://experimente.wirtschaft.uni-giessen.de/ Status:200
2022-01-06 05:15 https://experiment.wiwi.uni-jena.de/public/ Status:200
2022-01-06 05:16 tobias-weiss.org Status:200
2022-01-06 05:16 https://experimente.wirtschaft.uni-giessen.de/ Status:200
2022-01-06 05:16 https://experiment.wiwi.uni-jena.de/public/ Status:200
2022-01-06 05:17 tobias-weiss.org Status:200
2022-01-06 05:17 https://experimente.wirtschaft.uni-giessen.de/ Status:200
2022-01-06 05:17 https://experiment.wiwi.uni-jena.de/public/ Status:200
2022-01-06 05:18 tobias-weiss.org Status:200
2022-01-06 05:18 https://experimente.wirtschaft.uni-giessen.de/ Status:200
2022-01-06 05:18 https://experiment.wiwi.uni-jena.de/public/ Status:200
2022-01-06 05:19 tobias-weiss.org Status:200
2022-01-06 05:19 https://experimente.wirtschaft.uni-giessen.de/ Status:200
2022-01-06 05:19 https://experiment.wiwi.uni-jena.de/public/ Status:200
2022-01-06 05:20 tobias-weiss.org Status:200
2022-01-06 05:20 https://experimente.wirtschaft.uni-giessen.de/ Status:200
2022-01-06 05:20 https://experiment.wiwi.uni-jena.de/public/ Status:200
2022-01-06 05:21 tobias-weiss.org Status:200
2022-01-06 05:21 https://experimente.wirtschaft.uni-giessen.de/ Status:200
2022-01-06 05:21 https://experiment.wiwi.uni-jena.de/public/ Status:200
2022-01-06 05:22 tobias-weiss.org Status:200
2022-01-06 05:22 https://experimente.wirtschaft.uni-giessen.de/ Status:200
2022-01-06 05:22 https://experiment.wiwi.uni-jena.de/public/ Status:200
2022-01-06 05:23 tobias-weiss.org Status:200
2022-01-06 05:23 https://experimente.wirtschaft.uni-giessen.de/ Status:200
2022-01-06 05:23 https://experiment.wiwi.uni-jena.de/public/ Status:200
2022-01-06 05:24 tobias-weiss.org Status:200
2022-01-06 05:24 https://experimente.wirtschaft.uni-giessen.de/ Status:200
2022-01-06 05:24 https://experiment.wiwi.uni-jena.de/public/ Status:200
2022-01-06 05:25 tobias-weiss.org Status:200
2022-01-06 05:25 https://experimente.wirtschaft.uni-giessen.de/ Status:200
2022-01-06 05:25 https://experiment.wiwi.uni-jena.de/public/ Status:200
2022-01-06 05:26 tobias-weiss.org Status:200
2022-01-06 05:26 https://experimente.wirtschaft.uni-giessen.de/ Status:200
2022-01-06 05:26 https://experiment.wiwi.uni-jena.de/public/ Status:200
2022-01-06 05:27 tobias-weiss.org Status:200
2022-01-06 05:27 https://experimente.wirtschaft.uni-giessen.de/ Status:200
2022-01-06 05:27 https://experiment.wiwi.uni-jena.de/public/ Status:200
2022-01-06 05:28 tobias-weiss.org Status:200
2022-01-06 05:28 https://experimente.wirtschaft.uni-giessen.de/ Status:200
2022-01-06 05:28 https://experiment.wiwi.uni-jena.de/public/ Status:200
2022-01-06 05:29 tobias-weiss.org Status:200
2022-01-06 05:29 https://experimente.wirtschaft.uni-giessen.de/ Status:200
2022-01-06 05:29 https://experiment.wiwi.uni-jena.de/public/ Status:200
2022-01-06 05:30 tobias-weiss.org Status:200
2022-01-06 05:30 https://experimente.wirtschaft.uni-giessen.de/ Status:200
2022-01-06 05:30 https://experiment.wiwi.uni-jena.de/public/ Status:200
2022-01-06 05:31 tobias-weiss.org Status:200
2022-01-06 05:31 https://experimente.wirtschaft.uni-giessen.de/ Status:200
2022-01-06 05:31 https://experiment.wiwi.uni-jena.de/public/ Status:200
2022-01-06 05:32 tobias-weiss.org Status:200
2022-01-06 05:32 https://experimente.wirtschaft.uni-giessen.de/ Status:200
2022-01-06 05:32 https://experiment.wiwi.uni-jena.de/public/ Status:200
2022-01-06 05:33 tobias-weiss.org Status:200
2022-01-06 05:33 https://experimente.wirtschaft.uni-giessen.de/ Status:200
2022-01-06 05:33 https://experiment.wiwi.uni-jena.de/public/ Status:200
2022-01-06 05:34 tobias-weiss.org Status:200
2022-01-06 05:34 https://experimente.wirtschaft.uni-giessen.de/ Status:200
2022-01-06 05:34 https://experiment.wiwi.uni-jena.de/public/ Status:200
2022-01-06 05:35 tobias-weiss.org Status:200
2022-01-06 05:35 https://experimente.wirtschaft.uni-giessen.de/ Status:200
2022-01-06 05:35 https://experiment.wiwi.uni-jena.de/public/ Status:200
2022-01-06 05:36 tobias-weiss.org Status:200
2022-01-06 05:36 https://experimente.wirtschaft.uni-giessen.de/ Status:200
2022-01-06 05:36 https://experiment.wiwi.uni-jena.de/public/ Status:200
2022-01-06 05:37 tobias-weiss.org Status:200
2022-01-06 05:37 https://experimente.wirtschaft.uni-giessen.de/ Status:200
2022-01-06 05:37 https://experiment.wiwi.uni-jena.de/public/ Status:200
2022-01-06 05:38 tobias-weiss.org Status:200
2022-01-06 05:38 https://experimente.wirtschaft.uni-giessen.de/ Status:200
2022-01-06 05:38 https://experiment.wiwi.uni-jena.de/public/ Status:200
2022-01-06 05:39 tobias-weiss.org Status:200
2022-01-06 05:39 https://experimente.wirtschaft.uni-giessen.de/ Status:200
2022-01-06 05:39 https://experiment.wiwi.uni-jena.de/public/ Status:200
2022-01-06 05:40 tobias-weiss.org Status:200
2022-01-06 05:40 https://experimente.wirtschaft.uni-giessen.de/ Status:200
2022-01-06 05:40 https://experiment.wiwi.uni-jena.de/public/ Status:200
2022-01-06 05:41 tobias-weiss.org Status:200
2022-01-06 05:41 https://experimente.wirtschaft.uni-giessen.de/ Status:200
2022-01-06 05:41 https://experiment.wiwi.uni-jena.de/public/ Status:200
2022-01-06 05:42 tobias-weiss.org Status:200
2022-01-06 05:42 https://experimente.wirtschaft.uni-giessen.de/ Status:200
2022-01-06 05:42 https://experiment.wiwi.uni-jena.de/public/ Status:200
2022-01-06 05:43 tobias-weiss.org Status:200
2022-01-06 05:43 https://experimente.wirtschaft.uni-giessen.de/ Status:200
2022-01-06 05:43 https://experiment.wiwi.uni-jena.de/public/ Status:200
2022-01-06 05:44 tobias-weiss.org Status:200
2022-01-06 05:44 https://experimente.wirtschaft.uni-giessen.de/ Status:200
2022-01-06 05:44 https://experiment.wiwi.uni-jena.de/public/ Status:200
2022-01-06 05:45 tobias-weiss.org Status:200
2022-01-06 05:45 https://experimente.wirtschaft.uni-giessen.de/ Status:200
2022-01-06 05:45 https://experiment.wiwi.uni-jena.de/public/ Status:200
2022-01-06 05:46 tobias-weiss.org Status:200
2022-01-06 05:46 https://experimente.wirtschaft.uni-giessen.de/ Status:200
2022-01-06 05:46 https://experiment.wiwi.uni-jena.de/public/ Status:200
2022-01-06 05:47 tobias-weiss.org Status:200
2022-01-06 05:47 https://experimente.wirtschaft.uni-giessen.de/ Status:200
2022-01-06 05:47 https://experiment.wiwi.uni-jena.de/public/ Status:200
2022-01-06 05:48 tobias-weiss.org Status:200
2022-01-06 05:48 https://experimente.wirtschaft.uni-giessen.de/ Status:200
2022-01-06 05:48 https://experiment.wiwi.uni-jena.de/public/ Status:200
2022-01-06 05:49 tobias-weiss.org Status:200
2022-01-06 05:49 https://experimente.wirtschaft.uni-giessen.de/ Status:200
2022-01-06 05:49 https://experiment.wiwi.uni-jena.de/public/ Status:200
2022-01-06 05:50 tobias-weiss.org Status:200
2022-01-06 05:50 https://experimente.wirtschaft.uni-giessen.de/ Status:200
2022-01-06 05:50 https://experiment.wiwi.uni-jena.de/public/ Status:200
2022-01-06 05:51 tobias-weiss.org Status:200
2022-01-06 05:51 https://experimente.wirtschaft.uni-giessen.de/ Status:200
2022-01-06 05:51 https://experiment.wiwi.uni-jena.de/public/ Status:200
2022-01-06 05:52 tobias-weiss.org Status:200
2022-01-06 05:52 https://experimente.wirtschaft.uni-giessen.de/ Status:200
2022-01-06 05:52 https://experiment.wiwi.uni-jena.de/public/ Status:200
2022-01-06 05:53 tobias-weiss.org Status:200
2022-01-06 05:53 https://experimente.wirtschaft.uni-giessen.de/ Status:200
2022-01-06 05:53 https://experiment.wiwi.uni-jena.de/public/ Status:200
2022-01-06 05:54 tobias-weiss.org Status:200
2022-01-06 05:54 https://experimente.wirtschaft.uni-giessen.de/ Status:200
2022-01-06 05:54 https://experiment.wiwi.uni-jena.de/public/ Status:200
2022-01-06 05:55 tobias-weiss.org Status:200
2022-01-06 05:55 https://experimente.wirtschaft.uni-giessen.de/ Status:200
2022-01-06 05:55 https://experiment.wiwi.uni-jena.de/public/ Status:200
2022-01-06 05:56 tobias-weiss.org Status:200
2022-01-06 05:56 https://experimente.wirtschaft.uni-giessen.de/ Status:200
2022-01-06 05:56 https://experiment.wiwi.uni-jena.de/public/ Status:200
2022-01-06 05:57 tobias-weiss.org Status:200
2022-01-06 05:57 https://experimente.wirtschaft.uni-giessen.de/ Status:200
2022-01-06 05:57 https://experiment.wiwi.uni-jena.de/public/ Status:200
2022-01-06 05:58 tobias-weiss.org Status:200
2022-01-06 05:58 https://experimente.wirtschaft.uni-giessen.de/ Status:200
2022-01-06 05:58 https://experiment.wiwi.uni-jena.de/public/ Status:200
2022-01-06 05:59 tobias-weiss.org Status:200
2022-01-06 05:59 https://experimente.wirtschaft.uni-giessen.de/ Status:200
2022-01-06 05:59 https://experiment.wiwi.uni-jena.de/public/ Status:200
2022-01-06 06:00 tobias-weiss.org Status:200
2022-01-06 06:00 https://experimente.wirtschaft.uni-giessen.de/ Status:200
2022-01-06 06:00 https://experiment.wiwi.uni-jena.de/public/ Status:200
2022-01-06 06:01 tobias-weiss.org Status:200
2022-01-06 06:01 https://experimente.wirtschaft.uni-giessen.de/ Status:200
2022-01-06 06:01 https://experiment.wiwi.uni-jena.de/public/ Status:200
2022-01-06 06:02 tobias-weiss.org Status:200
2022-01-06 06:02 https://experimente.wirtschaft.uni-giessen.de/ Status:200
2022-01-06 06:02 https://experiment.wiwi.uni-jena.de/public/ Status:200
2022-01-06 06:03 tobias-weiss.org Status:200
2022-01-06 06:03 https://experimente.wirtschaft.uni-giessen.de/ Status:200
2022-01-06 06:03 https://experiment.wiwi.uni-jena.de/public/ Status:200
2022-01-06 06:04 tobias-weiss.org Status:200
2022-01-06 06:04 https://experimente.wirtschaft.uni-giessen.de/ Status:200
2022-01-06 06:04 https://experiment.wiwi.uni-jena.de/public/ Status:200
2022-01-06 06:05 tobias-weiss.org Status:200
2022-01-06 06:05 https://experimente.wirtschaft.uni-giessen.de/ Status:200
2022-01-06 06:05 https://experiment.wiwi.uni-jena.de/public/ Status:200
2022-01-06 06:06 tobias-weiss.org Status:200
2022-01-06 06:06 https://experimente.wirtschaft.uni-giessen.de/ Status:200
2022-01-06 06:06 https://experiment.wiwi.uni-jena.de/public/ Status:200
2022-01-06 06:07 tobias-weiss.org Status:200
2022-01-06 06:07 https://experimente.wirtschaft.uni-giessen.de/ Status:200
2022-01-06 06:07 https://experiment.wiwi.uni-jena.de/public/ Status:200
2022-01-06 06:08 tobias-weiss.org Status:200
2022-01-06 06:08 https://experimente.wirtschaft.uni-giessen.de/ Status:200
2022-01-06 06:08 https://experiment.wiwi.uni-jena.de/public/ Status:200
2022-01-06 06:09 tobias-weiss.org Status:200
2022-01-06 06:09 https://experimente.wirtschaft.uni-giessen.de/ Status:200
2022-01-06 06:09 https://experiment.wiwi.uni-jena.de/public/ Status:200
2022-01-06 06:10 tobias-weiss.org Status:200
2022-01-06 06:10 https://experimente.wirtschaft.uni-giessen.de/ Status:200
2022-01-06 06:10 https://experiment.wiwi.uni-jena.de/public/ Status:200
2022-01-06 06:11 tobias-weiss.org Status:200
2022-01-06 06:11 https://experimente.wirtschaft.uni-giessen.de/ Status:200
2022-01-06 06:11 https://experiment.wiwi.uni-jena.de/public/ Status:200
2022-01-06 06:12 tobias-weiss.org Status:200
2022-01-06 06:12 https://experimente.wirtschaft.uni-giessen.de/ Status:200
2022-01-06 06:12 https://experiment.wiwi.uni-jena.de/public/ Status:200
2022-01-06 06:13 tobias-weiss.org Status:200
2022-01-06 06:13 https://experimente.wirtschaft.uni-giessen.de/ Status:200
2022-01-06 06:13 https://experiment.wiwi.uni-jena.de/public/ Status:200
2022-01-06 06:14 tobias-weiss.org Status:200
2022-01-06 06:14 https://experimente.wirtschaft.uni-giessen.de/ Status:200
2022-01-06 06:14 https://experiment.wiwi.uni-jena.de/public/ Status:200
2022-01-06 06:15 tobias-weiss.org Status:200
2022-01-06 06:15 https://experimente.wirtschaft.uni-giessen.de/ Status:200
2022-01-06 06:15 https://experiment.wiwi.uni-jena.de/public/ Status:200
2022-01-06 06:16 tobias-weiss.org Status:200
2022-01-06 06:16 https://experimente.wirtschaft.uni-giessen.de/ Status:200
2022-01-06 06:16 https://experiment.wiwi.uni-jena.de/public/ Status:200
2022-01-06 06:17 tobias-weiss.org Status:200
2022-01-06 06:17 https://experimente.wirtschaft.uni-giessen.de/ Status:200
2022-01-06 06:17 https://experiment.wiwi.uni-jena.de/public/ Status:200
2022-01-06 06:18 tobias-weiss.org Status:200
2022-01-06 06:18 https://experimente.wirtschaft.uni-giessen.de/ Status:200
2022-01-06 06:18 https://experiment.wiwi.uni-jena.de/public/ Status:200
2022-01-06 06:19 tobias-weiss.org Status:200
2022-01-06 06:19 https://experimente.wirtschaft.uni-giessen.de/ Status:200
2022-01-06 06:19 https://experiment.wiwi.uni-jena.de/public/ Status:200
2022-01-06 06:20 tobias-weiss.org Status:200
2022-01-06 06:20 https://experimente.wirtschaft.uni-giessen.de/ Status:200
2022-01-06 06:20 https://experiment.wiwi.uni-jena.de/public/ Status:200
2022-01-06 06:21 tobias-weiss.org Status:200
2022-01-06 06:21 https://experimente.wirtschaft.uni-giessen.de/ Status:200
2022-01-06 06:21 https://experiment.wiwi.uni-jena.de/public/ Status:200
2022-01-06 06:22 tobias-weiss.org Status:200
2022-01-06 06:22 https://experimente.wirtschaft.uni-giessen.de/ Status:200
2022-01-06 06:22 https://experiment.wiwi.uni-jena.de/public/ Status:200
2022-01-06 06:23 tobias-weiss.org Status:200
2022-01-06 06:23 https://experimente.wirtschaft.uni-giessen.de/ Status:200
2022-01-06 06:23 https://experiment.wiwi.uni-jena.de/public/ Status:200
2022-01-06 06:24 tobias-weiss.org Status:200
2022-01-06 06:24 https://experimente.wirtschaft.uni-giessen.de/ Status:200
2022-01-06 06:24 https://experiment.wiwi.uni-jena.de/public/ Status:200
2022-01-06 06:25 tobias-weiss.org Status:200
2022-01-06 06:25 https://experimente.wirtschaft.uni-giessen.de/ Status:200
2022-01-06 06:25 https://experiment.wiwi.uni-jena.de/public/ Status:200
2022-01-06 06:26 tobias-weiss.org Status:200
2022-01-06 06:26 https://experimente.wirtschaft.uni-giessen.de/ Status:200
2022-01-06 06:26 https://experiment.wiwi.uni-jena.de/public/ Status:200
2022-01-06 06:27 tobias-weiss.org Status:200
2022-01-06 06:27 https://experimente.wirtschaft.uni-giessen.de/ Status:200
2022-01-06 06:27 https://experiment.wiwi.uni-jena.de/public/ Status:200
2022-01-06 06:28 tobias-weiss.org Status:200
2022-01-06 06:28 https://experimente.wirtschaft.uni-giessen.de/ Status:200
2022-01-06 06:28 https://experiment.wiwi.uni-jena.de/public/ Status:200
2022-01-06 06:29 tobias-weiss.org Status:200
2022-01-06 06:29 https://experimente.wirtschaft.uni-giessen.de/ Status:200
2022-01-06 06:29 https://experiment.wiwi.uni-jena.de/public/ Status:200
2022-01-06 06:30 tobias-weiss.org Status:200
2022-01-06 06:30 https://experimente.wirtschaft.uni-giessen.de/ Status:200
2022-01-06 06:30 https://experiment.wiwi.uni-jena.de/public/ Status:200
2022-01-06 06:31 tobias-weiss.org Status:200
2022-01-06 06:31 https://experimente.wirtschaft.uni-giessen.de/ Status:200
2022-01-06 06:31 https://experiment.wiwi.uni-jena.de/public/ Status:200
2022-01-06 06:32 tobias-weiss.org Status:200
2022-01-06 06:32 https://experimente.wirtschaft.uni-giessen.de/ Status:200
2022-01-06 06:32 https://experiment.wiwi.uni-jena.de/public/ Status:200
2022-01-06 06:33 tobias-weiss.org Status:200
2022-01-06 06:33 https://experimente.wirtschaft.uni-giessen.de/ Status:200
2022-01-06 06:33 https://experiment.wiwi.uni-jena.de/public/ Status:200
2022-01-06 06:34 tobias-weiss.org Status:200
2022-01-06 06:34 https://experimente.wirtschaft.uni-giessen.de/ Status:200
2022-01-06 06:34 https://experiment.wiwi.uni-jena.de/public/ Status:200
2022-01-06 06:35 tobias-weiss.org Status:200
2022-01-06 06:35 https://experimente.wirtschaft.uni-giessen.de/ Status:200
2022-01-06 06:35 https://experiment.wiwi.uni-jena.de/public/ Status:200
2022-01-06 06:36 tobias-weiss.org Status:200
2022-01-06 06:36 https://experimente.wirtschaft.uni-giessen.de/ Status:200
2022-01-06 06:36 https://experiment.wiwi.uni-jena.de/public/ Status:200
2022-01-06 06:37 tobias-weiss.org Status:200
2022-01-06 06:37 https://experimente.wirtschaft.uni-giessen.de/ Status:200
2022-01-06 06:37 https://experiment.wiwi.uni-jena.de/public/ Status:200
2022-01-06 06:38 tobias-weiss.org Status:200
2022-01-06 06:38 https://experimente.wirtschaft.uni-giessen.de/ Status:200
2022-01-06 06:38 https://experiment.wiwi.uni-jena.de/public/ Status:200
2022-01-06 06:39 tobias-weiss.org Status:200
2022-01-06 06:39 https://experimente.wirtschaft.uni-giessen.de/ Status:200
2022-01-06 06:39 https://experiment.wiwi.uni-jena.de/public/ Status:200
2022-01-06 06:40 tobias-weiss.org Status:200
2022-01-06 06:40 https://experimente.wirtschaft.uni-giessen.de/ Status:200
2022-01-06 06:40 https://experiment.wiwi.uni-jena.de/public/ Status:200
2022-01-06 06:41 tobias-weiss.org Status:200
2022-01-06 06:41 https://experimente.wirtschaft.uni-giessen.de/ Status:200
2022-01-06 06:41 https://experiment.wiwi.uni-jena.de/public/ Status:200
2022-01-06 06:42 tobias-weiss.org Status:200
2022-01-06 06:42 https://experimente.wirtschaft.uni-giessen.de/ Status:200
2022-01-06 06:42 https://experiment.wiwi.uni-jena.de/public/ Status:200
2022-01-06 06:43 tobias-weiss.org Status:200
2022-01-06 06:43 https://experimente.wirtschaft.uni-giessen.de/ Status:200
2022-01-06 06:43 https://experiment.wiwi.uni-jena.de/public/ Status:200
2022-01-06 06:44 tobias-weiss.org Status:200
2022-01-06 06:44 https://experimente.wirtschaft.uni-giessen.de/ Status:200
2022-01-06 06:44 https://experiment.wiwi.uni-jena.de/public/ Status:200
2022-01-06 06:45 tobias-weiss.org Status:200
2022-01-06 06:45 https://experimente.wirtschaft.uni-giessen.de/ Status:200
2022-01-06 06:45 https://experiment.wiwi.uni-jena.de/public/ Status:200
2022-01-06 06:46 tobias-weiss.org Status:200
2022-01-06 06:46 https://experimente.wirtschaft.uni-giessen.de/ Status:200
2022-01-06 06:46 https://experiment.wiwi.uni-jena.de/public/ Status:200
2022-01-06 06:47 tobias-weiss.org Status:200
2022-01-06 06:47 https://experimente.wirtschaft.uni-giessen.de/ Status:200
2022-01-06 06:47 https://experiment.wiwi.uni-jena.de/public/ Status:200
2022-01-06 06:48 tobias-weiss.org Status:200
2022-01-06 06:48 https://experimente.wirtschaft.uni-giessen.de/ Status:200
2022-01-06 06:48 https://experiment.wiwi.uni-jena.de/public/ Status:200
2022-01-06 06:49 tobias-weiss.org Status:200
2022-01-06 06:49 https://experimente.wirtschaft.uni-giessen.de/ Status:200
2022-01-06 06:49 https://experiment.wiwi.uni-jena.de/public/ Status:200
2022-01-06 06:50 tobias-weiss.org Status:200
2022-01-06 06:50 https://experimente.wirtschaft.uni-giessen.de/ Status:200
2022-01-06 06:50 https://experiment.wiwi.uni-jena.de/public/ Status:200
2022-01-06 06:51 tobias-weiss.org Status:200
2022-01-06 06:51 https://experimente.wirtschaft.uni-giessen.de/ Status:200
2022-01-06 06:51 https://experiment.wiwi.uni-jena.de/public/ Status:200
2022-01-06 06:52 tobias-weiss.org Status:200
2022-01-06 06:52 https://experimente.wirtschaft.uni-giessen.de/ Status:200
2022-01-06 06:52 https://experiment.wiwi.uni-jena.de/public/ Status:200
2022-01-06 06:53 tobias-weiss.org Status:200
2022-01-06 06:53 https://experimente.wirtschaft.uni-giessen.de/ Status:200
2022-01-06 06:53 https://experiment.wiwi.uni-jena.de/public/ Status:200
2022-01-06 06:54 tobias-weiss.org Status:200
2022-01-06 06:54 https://experimente.wirtschaft.uni-giessen.de/ Status:200
2022-01-06 06:54 https://experiment.wiwi.uni-jena.de/public/ Status:200
2022-01-06 06:55 tobias-weiss.org Status:200
2022-01-06 06:55 https://experimente.wirtschaft.uni-giessen.de/ Status:200
2022-01-06 06:55 https://experiment.wiwi.uni-jena.de/public/ Status:200
2022-01-06 06:56 tobias-weiss.org Status:200
2022-01-06 06:56 https://experimente.wirtschaft.uni-giessen.de/ Status:200
2022-01-06 06:56 https://experiment.wiwi.uni-jena.de/public/ Status:200
2022-01-06 06:57 tobias-weiss.org Status:200
2022-01-06 06:57 https://experimente.wirtschaft.uni-giessen.de/ Status:200
2022-01-06 06:57 https://experiment.wiwi.uni-jena.de/public/ Status:200
2022-01-06 06:58 tobias-weiss.org Status:200
2022-01-06 06:58 https://experimente.wirtschaft.uni-giessen.de/ Status:200
2022-01-06 06:58 https://experiment.wiwi.uni-jena.de/public/ Status:200
2022-01-06 06:59 tobias-weiss.org Status:200
2022-01-06 06:59 https://experimente.wirtschaft.uni-giessen.de/ Status:200
2022-01-06 06:59 https://experiment.wiwi.uni-jena.de/public/ Status:200
2022-01-06 07:00 tobias-weiss.org Status:200
2022-01-06 07:00 https://experimente.wirtschaft.uni-giessen.de/ Status:200
2022-01-06 07:00 https://experiment.wiwi.uni-jena.de/public/ Status:200
2022-01-06 07:01 tobias-weiss.org Status:200
2022-01-06 07:01 https://experimente.wirtschaft.uni-giessen.de/ Status:200
2022-01-06 07:01 https://experiment.wiwi.uni-jena.de/public/ Status:200
2022-01-06 07:02 tobias-weiss.org Status:200
2022-01-06 07:02 https://experimente.wirtschaft.uni-giessen.de/ Status:200
2022-01-06 07:02 https://experiment.wiwi.uni-jena.de/public/ Status:200
2022-01-06 07:03 tobias-weiss.org Status:200
2022-01-06 07:03 https://experimente.wirtschaft.uni-giessen.de/ Status:200
2022-01-06 07:03 https://experiment.wiwi.uni-jena.de/public/ Status:200
2022-01-06 07:04 tobias-weiss.org Status:200
2022-01-06 07:04 https://experimente.wirtschaft.uni-giessen.de/ Status:200
2022-01-06 07:04 https://experiment.wiwi.uni-jena.de/public/ Status:200
2022-01-06 07:05 tobias-weiss.org Status:200
2022-01-06 07:05 https://experimente.wirtschaft.uni-giessen.de/ Status:200
2022-01-06 07:05 https://experiment.wiwi.uni-jena.de/public/ Status:200
2022-01-06 07:06 tobias-weiss.org Status:200
2022-01-06 07:06 https://experimente.wirtschaft.uni-giessen.de/ Status:200
2022-01-06 07:06 https://experiment.wiwi.uni-jena.de/public/ Status:200
2022-01-06 07:07 tobias-weiss.org Status:200
2022-01-06 07:07 https://experimente.wirtschaft.uni-giessen.de/ Status:200
2022-01-06 07:07 https://experiment.wiwi.uni-jena.de/public/ Status:200
2022-01-06 07:08 tobias-weiss.org Status:200
2022-01-06 07:08 https://experimente.wirtschaft.uni-giessen.de/ Status:200
2022-01-06 07:08 https://experiment.wiwi.uni-jena.de/public/ Status:200
2022-01-06 07:09 tobias-weiss.org Status:200
2022-01-06 07:09 https://experimente.wirtschaft.uni-giessen.de/ Status:200
2022-01-06 07:09 https://experiment.wiwi.uni-jena.de/public/ Status:200
2022-01-06 07:10 tobias-weiss.org Status:200
2022-01-06 07:10 https://experimente.wirtschaft.uni-giessen.de/ Status:200
2022-01-06 07:10 https://experiment.wiwi.uni-jena.de/public/ Status:200
2022-01-06 07:11 tobias-weiss.org Status:200
2022-01-06 07:11 https://experimente.wirtschaft.uni-giessen.de/ Status:200
2022-01-06 07:11 https://experiment.wiwi.uni-jena.de/public/ Status:200
2022-01-06 07:12 tobias-weiss.org Status:200
2022-01-06 07:12 https://experimente.wirtschaft.uni-giessen.de/ Status:200
2022-01-06 07:12 https://experiment.wiwi.uni-jena.de/public/ Status:200
2022-01-06 07:13 tobias-weiss.org Status:200
2022-01-06 07:13 https://experimente.wirtschaft.uni-giessen.de/ Status:200
2022-01-06 07:13 https://experiment.wiwi.uni-jena.de/public/ Status:200
2022-01-06 07:14 tobias-weiss.org Status:200
2022-01-06 07:14 https://experimente.wirtschaft.uni-giessen.de/ Status:200
2022-01-06 07:14 https://experiment.wiwi.uni-jena.de/public/ Status:200
2022-01-06 07:15 tobias-weiss.org Status:200
2022-01-06 07:15 https://experimente.wirtschaft.uni-giessen.de/ Status:200
2022-01-06 07:15 https://experiment.wiwi.uni-jena.de/public/ Status:200
2022-01-06 07:16 tobias-weiss.org Status:200
2022-01-06 07:16 https://experimente.wirtschaft.uni-giessen.de/ Status:200
2022-01-06 07:16 https://experiment.wiwi.uni-jena.de/public/ Status:200
2022-01-06 07:17 tobias-weiss.org Status:200
2022-01-06 07:17 https://experimente.wirtschaft.uni-giessen.de/ Status:200
2022-01-06 07:17 https://experiment.wiwi.uni-jena.de/public/ Status:200
2022-01-06 07:18 tobias-weiss.org Status:200
2022-01-06 07:18 https://experimente.wirtschaft.uni-giessen.de/ Status:200
2022-01-06 07:18 https://experiment.wiwi.uni-jena.de/public/ Status:200
2022-01-06 07:19 tobias-weiss.org Status:200
2022-01-06 07:19 https://experimente.wirtschaft.uni-giessen.de/ Status:200
2022-01-06 07:19 https://experiment.wiwi.uni-jena.de/public/ Status:200
2022-01-06 07:20 tobias-weiss.org Status:200
2022-01-06 07:20 https://experimente.wirtschaft.uni-giessen.de/ Status:200
2022-01-06 07:20 https://experiment.wiwi.uni-jena.de/public/ Status:200
2022-01-06 07:21 tobias-weiss.org Status:200
2022-01-06 07:21 https://experimente.wirtschaft.uni-giessen.de/ Status:200
2022-01-06 07:21 https://experiment.wiwi.uni-jena.de/public/ Status:200
2022-01-06 07:22 tobias-weiss.org Status:200
2022-01-06 07:22 https://experimente.wirtschaft.uni-giessen.de/ Status:200
2022-01-06 07:22 https://experiment.wiwi.uni-jena.de/public/ Status:200
2022-01-06 07:23 tobias-weiss.org Status:200
2022-01-06 07:23 https://experimente.wirtschaft.uni-giessen.de/ Status:200
2022-01-06 07:23 https://experiment.wiwi.uni-jena.de/public/ Status:200
2022-01-06 07:24 tobias-weiss.org Status:200
2022-01-06 07:24 https://experimente.wirtschaft.uni-giessen.de/ Status:200
2022-01-06 07:24 https://experiment.wiwi.uni-jena.de/public/ Status:200
2022-01-06 07:25 tobias-weiss.org Status:200
2022-01-06 07:25 https://experimente.wirtschaft.uni-giessen.de/ Status:200
2022-01-06 07:25 https://experiment.wiwi.uni-jena.de/public/ Status:200
2022-01-06 07:26 tobias-weiss.org Status:200
2022-01-06 07:26 https://experimente.wirtschaft.uni-giessen.de/ Status:200
2022-01-06 07:26 https://experiment.wiwi.uni-jena.de/public/ Status:200
2022-01-06 07:27 tobias-weiss.org Status:200
2022-01-06 07:27 https://experimente.wirtschaft.uni-giessen.de/ Status:200
2022-01-06 07:27 https://experiment.wiwi.uni-jena.de/public/ Status:200
2022-01-06 07:28 tobias-weiss.org Status:200
2022-01-06 07:28 https://experimente.wirtschaft.uni-giessen.de/ Status:200
2022-01-06 07:28 https://experiment.wiwi.uni-jena.de/public/ Status:200
2022-01-06 07:29 tobias-weiss.org Status:200
2022-01-06 07:29 https://experimente.wirtschaft.uni-giessen.de/ Status:200
2022-01-06 07:29 https://experiment.wiwi.uni-jena.de/public/ Status:200
2022-01-06 07:30 tobias-weiss.org Status:200
2022-01-06 07:30 https://experimente.wirtschaft.uni-giessen.de/ Status:200
2022-01-06 07:30 https://experiment.wiwi.uni-jena.de/public/ Status:200
2022-01-06 07:31 tobias-weiss.org Status:200
2022-01-06 07:31 https://experimente.wirtschaft.uni-giessen.de/ Status:200
2022-01-06 07:31 https://experiment.wiwi.uni-jena.de/public/ Status:200
2022-01-06 07:32 tobias-weiss.org Status:200
2022-01-06 07:32 https://experimente.wirtschaft.uni-giessen.de/ Status:200
2022-01-06 07:32 https://experiment.wiwi.uni-jena.de/public/ Status:200
2022-01-06 07:33 tobias-weiss.org Status:200
2022-01-06 07:33 https://experimente.wirtschaft.uni-giessen.de/ Status:200
2022-01-06 07:33 https://experiment.wiwi.uni-jena.de/public/ Status:200
2022-01-06 07:34 tobias-weiss.org Status:200
2022-01-06 07:34 https://experimente.wirtschaft.uni-giessen.de/ Status:200
2022-01-06 07:34 https://experiment.wiwi.uni-jena.de/public/ Status:200
2022-01-06 07:35 tobias-weiss.org Status:200
2022-01-06 07:35 https://experimente.wirtschaft.uni-giessen.de/ Status:200
2022-01-06 07:35 https://experiment.wiwi.uni-jena.de/public/ Status:200
2022-01-06 07:36 tobias-weiss.org Status:200
2022-01-06 07:36 https://experimente.wirtschaft.uni-giessen.de/ Status:200
2022-01-06 07:36 https://experiment.wiwi.uni-jena.de/public/ Status:200
2022-01-06 07:37 tobias-weiss.org Status:200
2022-01-06 07:37 https://experimente.wirtschaft.uni-giessen.de/ Status:200
2022-01-06 07:37 https://experiment.wiwi.uni-jena.de/public/ Status:200
2022-01-06 07:38 tobias-weiss.org Status:200
2022-01-06 07:38 https://experimente.wirtschaft.uni-giessen.de/ Status:200
2022-01-06 07:38 https://experiment.wiwi.uni-jena.de/public/ Status:200
2022-01-06 07:39 tobias-weiss.org Status:200
2022-01-06 07:39 https://experimente.wirtschaft.uni-giessen.de/ Status:200
2022-01-06 07:39 https://experiment.wiwi.uni-jena.de/public/ Status:200
2022-01-06 07:40 tobias-weiss.org Status:200
2022-01-06 07:40 https://experimente.wirtschaft.uni-giessen.de/ Status:200
2022-01-06 07:40 https://experiment.wiwi.uni-jena.de/public/ Status:200
2022-01-06 07:41 tobias-weiss.org Status:200
2022-01-06 07:41 https://experimente.wirtschaft.uni-giessen.de/ Status:200
2022-01-06 07:41 https://experiment.wiwi.uni-jena.de/public/ Status:200
2022-01-06 07:42 tobias-weiss.org Status:200
2022-01-06 07:42 https://experimente.wirtschaft.uni-giessen.de/ Status:200
2022-01-06 07:42 https://experiment.wiwi.uni-jena.de/public/ Status:200
2022-01-06 07:43 tobias-weiss.org Status:200
2022-01-06 07:43 https://experimente.wirtschaft.uni-giessen.de/ Status:200
2022-01-06 07:43 https://experiment.wiwi.uni-jena.de/public/ Status:200
2022-01-06 07:44 tobias-weiss.org Status:200
2022-01-06 07:44 https://experimente.wirtschaft.uni-giessen.de/ Status:200
2022-01-06 07:44 https://experiment.wiwi.uni-jena.de/public/ Status:200
2022-01-06 07:45 tobias-weiss.org Status:200
2022-01-06 07:45 https://experimente.wirtschaft.uni-giessen.de/ Status:200
2022-01-06 07:45 https://experiment.wiwi.uni-jena.de/public/ Status:200
2022-01-06 07:46 tobias-weiss.org Status:200
2022-01-06 07:46 https://experimente.wirtschaft.uni-giessen.de/ Status:200
2022-01-06 07:46 https://experiment.wiwi.uni-jena.de/public/ Status:200
2022-01-06 07:47 tobias-weiss.org Status:200
2022-01-06 07:47 https://experimente.wirtschaft.uni-giessen.de/ Status:200
2022-01-06 07:47 https://experiment.wiwi.uni-jena.de/public/ Status:200
2022-01-06 07:48 tobias-weiss.org Status:200
2022-01-06 07:48 https://experimente.wirtschaft.uni-giessen.de/ Status:200
2022-01-06 07:48 https://experiment.wiwi.uni-jena.de/public/ Status:200
2022-01-06 07:49 tobias-weiss.org Status:200
2022-01-06 07:49 https://experimente.wirtschaft.uni-giessen.de/ Status:200
2022-01-06 07:49 https://experiment.wiwi.uni-jena.de/public/ Status:200
2022-01-06 07:50 tobias-weiss.org Status:200
2022-01-06 07:50 https://experimente.wirtschaft.uni-giessen.de/ Status:200
2022-01-06 07:50 https://experiment.wiwi.uni-jena.de/public/ Status:200
2022-01-06 07:51 tobias-weiss.org Status:200
2022-01-06 07:51 https://experimente.wirtschaft.uni-giessen.de/ Status:200
2022-01-06 07:51 https://experiment.wiwi.uni-jena.de/public/ Status:200
2022-01-06 07:52 tobias-weiss.org Status:200
2022-01-06 07:52 https://experimente.wirtschaft.uni-giessen.de/ Status:200
2022-01-06 07:52 https://experiment.wiwi.uni-jena.de/public/ Status:200
2022-01-06 07:53 tobias-weiss.org Status:200
2022-01-06 07:53 https://experimente.wirtschaft.uni-giessen.de/ Status:200
2022-01-06 07:53 https://experiment.wiwi.uni-jena.de/public/ Status:200
2022-01-06 07:54 tobias-weiss.org Status:200
2022-01-06 07:54 https://experimente.wirtschaft.uni-giessen.de/ Status:200
2022-01-06 07:54 https://experiment.wiwi.uni-jena.de/public/ Status:200
2022-01-06 07:55 tobias-weiss.org Status:200
2022-01-06 07:55 https://experimente.wirtschaft.uni-giessen.de/ Status:200
2022-01-06 07:55 https://experiment.wiwi.uni-jena.de/public/ Status:200
2022-01-06 07:56 tobias-weiss.org Status:200
2022-01-06 07:56 https://experimente.wirtschaft.uni-giessen.de/ Status:200
2022-01-06 07:56 https://experiment.wiwi.uni-jena.de/public/ Status:200
2022-01-06 07:57 tobias-weiss.org Status:200
2022-01-06 07:57 https://experimente.wirtschaft.uni-giessen.de/ Status:200
2022-01-06 07:57 https://experiment.wiwi.uni-jena.de/public/ Status:200
2022-01-06 07:58 tobias-weiss.org Status:200
2022-01-06 07:58 https://experimente.wirtschaft.uni-giessen.de/ Status:200
2022-01-06 07:58 https://experiment.wiwi.uni-jena.de/public/ Status:200
2022-01-06 07:59 tobias-weiss.org Status:200
2022-01-06 07:59 https://experimente.wirtschaft.uni-giessen.de/ Status:200
2022-01-06 07:59 https://experiment.wiwi.uni-jena.de/public/ Status:200
2022-01-06 08:00 tobias-weiss.org Status:200
2022-01-06 08:00 https://experimente.wirtschaft.uni-giessen.de/ Status:200
2022-01-06 08:00 https://experiment.wiwi.uni-jena.de/public/ Status:200
2022-01-06 08:01 tobias-weiss.org Status:200
2022-01-06 08:01 https://experimente.wirtschaft.uni-giessen.de/ Status:200
2022-01-06 08:01 https://experiment.wiwi.uni-jena.de/public/ Status:200
2022-01-06 08:02 tobias-weiss.org Status:200
2022-01-06 08:02 https://experimente.wirtschaft.uni-giessen.de/ Status:200
2022-01-06 08:02 https://experiment.wiwi.uni-jena.de/public/ Status:200
2022-01-06 08:03 tobias-weiss.org Status:200
2022-01-06 08:03 https://experimente.wirtschaft.uni-giessen.de/ Status:200
2022-01-06 08:03 https://experiment.wiwi.uni-jena.de/public/ Status:200
2022-01-06 08:04 tobias-weiss.org Status:200
2022-01-06 08:04 https://experimente.wirtschaft.uni-giessen.de/ Status:200
2022-01-06 08:04 https://experiment.wiwi.uni-jena.de/public/ Status:200
2022-01-06 08:05 tobias-weiss.org Status:200
2022-01-06 08:05 https://experimente.wirtschaft.uni-giessen.de/ Status:200
2022-01-06 08:05 https://experiment.wiwi.uni-jena.de/public/ Status:200
2022-01-06 08:06 tobias-weiss.org Status:200
2022-01-06 08:06 https://experimente.wirtschaft.uni-giessen.de/ Status:200
2022-01-06 08:06 https://experiment.wiwi.uni-jena.de/public/ Status:200
2022-01-06 08:07 tobias-weiss.org Status:200
2022-01-06 08:07 https://experimente.wirtschaft.uni-giessen.de/ Status:200
2022-01-06 08:07 https://experiment.wiwi.uni-jena.de/public/ Status:200
2022-01-06 08:08 tobias-weiss.org Status:200
2022-01-06 08:08 https://experimente.wirtschaft.uni-giessen.de/ Status:200
2022-01-06 08:08 https://experiment.wiwi.uni-jena.de/public/ Status:200
2022-01-06 08:09 tobias-weiss.org Status:200
2022-01-06 08:09 https://experimente.wirtschaft.uni-giessen.de/ Status:200
2022-01-06 08:09 https://experiment.wiwi.uni-jena.de/public/ Status:200
2022-01-06 08:10 tobias-weiss.org Status:200
2022-01-06 08:10 https://experimente.wirtschaft.uni-giessen.de/ Status:200
2022-01-06 08:10 https://experiment.wiwi.uni-jena.de/public/ Status:200
2022-01-06 08:11 tobias-weiss.org Status:200
2022-01-06 08:11 https://experimente.wirtschaft.uni-giessen.de/ Status:200
2022-01-06 08:11 https://experiment.wiwi.uni-jena.de/public/ Status:200
2022-01-06 08:12 tobias-weiss.org Status:200
2022-01-06 08:12 https://experimente.wirtschaft.uni-giessen.de/ Status:200
2022-01-06 08:12 https://experiment.wiwi.uni-jena.de/public/ Status:200
2022-01-06 08:13 tobias-weiss.org Status:200
2022-01-06 08:13 https://experimente.wirtschaft.uni-giessen.de/ Status:200
2022-01-06 08:13 https://experiment.wiwi.uni-jena.de/public/ Status:200
2022-01-06 08:14 tobias-weiss.org Status:200
2022-01-06 08:14 https://experimente.wirtschaft.uni-giessen.de/ Status:200
2022-01-06 08:14 https://experiment.wiwi.uni-jena.de/public/ Status:200
2022-01-06 08:15 tobias-weiss.org Status:200
2022-01-06 08:15 https://experimente.wirtschaft.uni-giessen.de/ Status:200
2022-01-06 08:15 https://experiment.wiwi.uni-jena.de/public/ Status:200
2022-01-06 08:16 tobias-weiss.org Status:200
2022-01-06 08:16 https://experimente.wirtschaft.uni-giessen.de/ Status:200
2022-01-06 08:16 https://experiment.wiwi.uni-jena.de/public/ Status:200
2022-01-06 08:17 tobias-weiss.org Status:200
2022-01-06 08:17 https://experimente.wirtschaft.uni-giessen.de/ Status:200
2022-01-06 08:17 https://experiment.wiwi.uni-jena.de/public/ Status:200
2022-01-06 08:18 tobias-weiss.org Status:200
2022-01-06 08:18 https://experimente.wirtschaft.uni-giessen.de/ Status:200
2022-01-06 08:18 https://experiment.wiwi.uni-jena.de/public/ Status:200
2022-01-06 08:19 tobias-weiss.org Status:200
2022-01-06 08:19 https://experimente.wirtschaft.uni-giessen.de/ Status:200
2022-01-06 08:19 https://experiment.wiwi.uni-jena.de/public/ Status:200
2022-01-06 08:20 tobias-weiss.org Status:200
2022-01-06 08:20 https://experimente.wirtschaft.uni-giessen.de/ Status:200
2022-01-06 08:20 https://experiment.wiwi.uni-jena.de/public/ Status:200
2022-01-06 08:21 tobias-weiss.org Status:200
2022-01-06 08:21 https://experimente.wirtschaft.uni-giessen.de/ Status:200
2022-01-06 08:21 https://experiment.wiwi.uni-jena.de/public/ Status:200
2022-01-06 08:22 tobias-weiss.org Status:200
2022-01-06 08:22 https://experimente.wirtschaft.uni-giessen.de/ Status:200
2022-01-06 08:22 https://experiment.wiwi.uni-jena.de/public/ Status:200
2022-01-06 08:23 tobias-weiss.org Status:200
2022-01-06 08:23 https://experimente.wirtschaft.uni-giessen.de/ Status:200
2022-01-06 08:23 https://experiment.wiwi.uni-jena.de/public/ Status:200
2022-01-06 08:24 tobias-weiss.org Status:200
2022-01-06 08:24 https://experimente.wirtschaft.uni-giessen.de/ Status:200
2022-01-06 08:24 https://experiment.wiwi.uni-jena.de/public/ Status:200
2022-01-06 08:25 tobias-weiss.org Status:200
2022-01-06 08:25 https://experimente.wirtschaft.uni-giessen.de/ Status:200
2022-01-06 08:25 https://experiment.wiwi.uni-jena.de/public/ Status:200
2022-01-06 08:26 tobias-weiss.org Status:200
2022-01-06 08:26 https://experimente.wirtschaft.uni-giessen.de/ Status:200
2022-01-06 08:26 https://experiment.wiwi.uni-jena.de/public/ Status:200
2022-01-06 08:27 tobias-weiss.org Status:200
2022-01-06 08:27 https://experimente.wirtschaft.uni-giessen.de/ Status:200
2022-01-06 08:27 https://experiment.wiwi.uni-jena.de/public/ Status:200
2022-01-06 08:28 tobias-weiss.org Status:200
2022-01-06 08:28 https://experimente.wirtschaft.uni-giessen.de/ Status:200
2022-01-06 08:29 https://experiment.wiwi.uni-jena.de/public/ Status:timed out (5 attempts)
2022-01-06 08:29 tobias-weiss.org Status:200
2022-01-06 08:29 https://experimente.wirtschaft.uni-giessen.de/ Status:200
2022-01-06 08:29 https://experiment.wiwi.uni-jena.de/public/ Status:[Errno 111] Connection refused
2022-01-06 08:30 tobias-weiss.org Status:200
2022-01-06 08:30 https://experimente.wirtschaft.uni-giessen.de/ Status:200
2022-01-06 08:30 https://experiment.wiwi.uni-jena.de/public/ Status:200
2022-01-06 08:31 tobias-weiss.org Status:200
2022-01-06 08:31 https://experimente.wirtschaft.uni-giessen.de/ Status:200
2022-01-06 08:32 https://experiment.wiwi.uni-jena.de/public/ Status:timed out (5 attempts)
2022-01-06 08:32 tobias-weiss.org Status:200
2022-01-06 08:32 https://experimente.wirtschaft.uni-giessen.de/ Status:200
2022-01-06 08:32 https://experiment.wiwi.uni-jena.de/public/ Status:[Errno 111] Connection refused
2022-01-06 08:33 tobias-weiss.org Status:200
2022-01-06 08:33 https://experimente.wirtschaft.uni-giessen.de/ Status:200
2022-01-06 08:33 https://experiment.wiwi.uni-jena.de/public/ Status:200
2022-01-06 08:34 tobias-weiss.org Status:200
2022-01-06 08:34 https://experimente.wirtschaft.uni-giessen.de/ Status:200
2022-01-06 08:34 https://experiment.wiwi.uni-jena.de/public/ Status:200
2022-01-06 08:35 tobias-weiss.org Status:200
2022-01-06 08:35 https://experimente.wirtschaft.uni-giessen.de/ Status:200
2022-01-06 08:35 https://experiment.wiwi.uni-jena.de/public/ Status:200
2022-01-06 08:36 tobias-weiss.org Status:200
2022-01-06 08:36 https://experimente.wirtschaft.uni-giessen.de/ Status:200
2022-01-06 08:36 https://experiment.wiwi.uni-jena.de/public/ Status:200
2022-01-06 08:37 tobias-weiss.org Status:200
2022-01-06 08:37 https://experimente.wirtschaft.uni-giessen.de/ Status:200
2022-01-06 08:37 https://experiment.wiwi.uni-jena.de/public/ Status:200
2022-01-06 08:38 tobias-weiss.org Status:200
2022-01-06 08:38 https://experimente.wirtschaft.uni-giessen.de/ Status:200
2022-01-06 08:38 https://experiment.wiwi.uni-jena.de/public/ Status:200
2022-01-06 08:39 tobias-weiss.org Status:200
2022-01-06 08:39 https://experimente.wirtschaft.uni-giessen.de/ Status:200
2022-01-06 08:39 https://experiment.wiwi.uni-jena.de/public/ Status:[Errno 111] Connection refused
2022-01-06 08:40 tobias-weiss.org Status:200
2022-01-06 08:40 https://experimente.wirtschaft.uni-giessen.de/ Status:200
2022-01-06 08:40 https://experiment.wiwi.uni-jena.de/public/ Status:200
2022-01-06 08:41 tobias-weiss.org Status:200
2022-01-06 08:41 https://experimente.wirtschaft.uni-giessen.de/ Status:200
2022-01-06 08:41 https://experiment.wiwi.uni-jena.de/public/ Status:200
2022-01-06 08:42 tobias-weiss.org Status:200
2022-01-06 08:42 https://experimente.wirtschaft.uni-giessen.de/ Status:200
2022-01-06 08:42 https://experiment.wiwi.uni-jena.de/public/ Status:200
2022-01-06 08:43 tobias-weiss.org Status:200
2022-01-06 08:43 https://experimente.wirtschaft.uni-giessen.de/ Status:200
2022-01-06 08:43 https://experiment.wiwi.uni-jena.de/public/ Status:200
2022-01-06 08:44 tobias-weiss.org Status:200
2022-01-06 08:44 https://experimente.wirtschaft.uni-giessen.de/ Status:200
2022-01-06 08:44 https://experiment.wiwi.uni-jena.de/public/ Status:200
2022-01-06 08:45 tobias-weiss.org Status:200
2022-01-06 08:45 https://experimente.wirtschaft.uni-giessen.de/ Status:200
2022-01-06 08:45 https://experiment.wiwi.uni-jena.de/public/ Status:200
2022-01-06 08:46 tobias-weiss.org Status:200
2022-01-06 08:46 https://experimente.wirtschaft.uni-giessen.de/ Status:200
2022-01-06 08:46 https://experiment.wiwi.uni-jena.de/public/ Status:200
2022-01-06 08:47 tobias-weiss.org Status:200
2022-01-06 08:47 https://experimente.wirtschaft.uni-giessen.de/ Status:200
2022-01-06 08:47 https://experiment.wiwi.uni-jena.de/public/ Status:200
2022-01-06 08:48 tobias-weiss.org Status:200
2022-01-06 08:48 https://experimente.wirtschaft.uni-giessen.de/ Status:200
2022-01-06 08:48 https://experiment.wiwi.uni-jena.de/public/ Status:200
2022-01-06 08:49 tobias-weiss.org Status:200
2022-01-06 08:49 https://experimente.wirtschaft.uni-giessen.de/ Status:200
2022-01-06 08:49 https://experiment.wiwi.uni-jena.de/public/ Status:200
2022-01-06 08:50 tobias-weiss.org Status:200
2022-01-06 08:50 https://experimente.wirtschaft.uni-giessen.de/ Status:200
2022-01-06 08:50 https://experiment.wiwi.uni-jena.de/public/ Status:200
2022-01-06 08:51 tobias-weiss.org Status:200
2022-01-06 08:51 https://experimente.wirtschaft.uni-giessen.de/ Status:200
2022-01-06 08:51 https://experiment.wiwi.uni-jena.de/public/ Status:200
2022-01-06 08:52 tobias-weiss.org Status:200
2022-01-06 08:52 https://experimente.wirtschaft.uni-giessen.de/ Status:200
2022-01-06 08:52 https://experiment.wiwi.uni-jena.de/public/ Status:200
2022-01-06 08:53 tobias-weiss.org Status:200
2022-01-06 08:53 https://experimente.wirtschaft.uni-giessen.de/ Status:200
2022-01-06 08:53 https://experiment.wiwi.uni-jena.de/public/ Status:200
2022-01-06 08:54 tobias-weiss.org Status:200
2022-01-06 08:54 https://experimente.wirtschaft.uni-giessen.de/ Status:200
2022-01-06 08:54 https://experiment.wiwi.uni-jena.de/public/ Status:200
2022-01-06 08:55 tobias-weiss.org Status:200
2022-01-06 08:55 https://experimente.wirtschaft.uni-giessen.de/ Status:200
2022-01-06 08:55 https://experiment.wiwi.uni-jena.de/public/ Status:200
2022-01-06 08:56 tobias-weiss.org Status:200
2022-01-06 08:56 https://experimente.wirtschaft.uni-giessen.de/ Status:200
2022-01-06 08:56 https://experiment.wiwi.uni-jena.de/public/ Status:200
2022-01-06 08:57 tobias-weiss.org Status:200
2022-01-06 08:57 https://experimente.wirtschaft.uni-giessen.de/ Status:200
2022-01-06 08:57 https://experiment.wiwi.uni-jena.de/public/ Status:200
2022-01-06 08:58 tobias-weiss.org Status:200
2022-01-06 08:58 https://experimente.wirtschaft.uni-giessen.de/ Status:200
2022-01-06 08:58 https://experiment.wiwi.uni-jena.de/public/ Status:200
2022-01-06 08:59 tobias-weiss.org Status:200
2022-01-06 08:59 https://experimente.wirtschaft.uni-giessen.de/ Status:200
2022-01-06 08:59 https://experiment.wiwi.uni-jena.de/public/ Status:200
2022-01-06 09:01 tobias-weiss.org Status:200
2022-01-06 09:01 https://experimente.wirtschaft.uni-giessen.de/ Status:200
2022-01-06 09:01 https://experiment.wiwi.uni-jena.de/public/ Status:[Errno 111] Connection refused
2022-01-06 09:00 tobias-weiss.org Status:200
2022-01-06 09:00 https://experimente.wirtschaft.uni-giessen.de/ Status:200
2022-01-06 09:01 https://experiment.wiwi.uni-jena.de/public/ Status:[Errno 111] Connection refused
2022-01-06 09:02 tobias-weiss.org Status:200
2022-01-06 09:02 https://experimente.wirtschaft.uni-giessen.de/ Status:200
2022-01-06 09:02 https://experiment.wiwi.uni-jena.de/public/ Status:200
2022-01-06 09:03 tobias-weiss.org Status:200
2022-01-06 09:03 https://experimente.wirtschaft.uni-giessen.de/ Status:200
2022-01-06 09:03 https://experiment.wiwi.uni-jena.de/public/ Status:200
2022-01-06 09:04 tobias-weiss.org Status:200
2022-01-06 09:04 https://experimente.wirtschaft.uni-giessen.de/ Status:200
2022-01-06 09:04 https://experiment.wiwi.uni-jena.de/public/ Status:200
2022-01-06 09:05 tobias-weiss.org Status:200
2022-01-06 09:05 https://experimente.wirtschaft.uni-giessen.de/ Status:200
2022-01-06 09:05 https://experiment.wiwi.uni-jena.de/public/ Status:200
2022-01-06 09:06 tobias-weiss.org Status:200
2022-01-06 09:06 https://experimente.wirtschaft.uni-giessen.de/ Status:200
2022-01-06 09:06 https://experiment.wiwi.uni-jena.de/public/ Status:200
2022-01-06 09:07 tobias-weiss.org Status:200
2022-01-06 09:07 https://experimente.wirtschaft.uni-giessen.de/ Status:200
2022-01-06 09:07 https://experiment.wiwi.uni-jena.de/public/ Status:200
2022-01-06 09:08 tobias-weiss.org Status:200
2022-01-06 09:08 https://experimente.wirtschaft.uni-giessen.de/ Status:200
2022-01-06 09:08 https://experiment.wiwi.uni-jena.de/public/ Status:200
2022-01-06 09:09 tobias-weiss.org Status:200
2022-01-06 09:09 https://experimente.wirtschaft.uni-giessen.de/ Status:200
2022-01-06 09:09 https://experiment.wiwi.uni-jena.de/public/ Status:200
2022-01-06 09:10 tobias-weiss.org Status:200
2022-01-06 09:10 https://experimente.wirtschaft.uni-giessen.de/ Status:200
2022-01-06 09:10 https://experiment.wiwi.uni-jena.de/public/ Status:200
2022-01-06 09:11 tobias-weiss.org Status:200
2022-01-06 09:11 https://experimente.wirtschaft.uni-giessen.de/ Status:200
2022-01-06 09:11 https://experiment.wiwi.uni-jena.de/public/ Status:200
2022-01-06 09:12 tobias-weiss.org Status:200
2022-01-06 09:12 https://experimente.wirtschaft.uni-giessen.de/ Status:200
2022-01-06 09:12 https://experiment.wiwi.uni-jena.de/public/ Status:200
2022-01-06 09:13 tobias-weiss.org Status:200
2022-01-06 09:13 https://experimente.wirtschaft.uni-giessen.de/ Status:200
2022-01-06 09:13 https://experiment.wiwi.uni-jena.de/public/ Status:200
2022-01-06 09:14 tobias-weiss.org Status:200
2022-01-06 09:14 https://experimente.wirtschaft.uni-giessen.de/ Status:200
2022-01-06 09:14 https://experiment.wiwi.uni-jena.de/public/ Status:200
2022-01-06 09:15 tobias-weiss.org Status:200
2022-01-06 09:15 https://experimente.wirtschaft.uni-giessen.de/ Status:200
2022-01-06 09:15 https://experiment.wiwi.uni-jena.de/public/ Status:200
2022-01-06 09:16 tobias-weiss.org Status:200
2022-01-06 09:16 https://experimente.wirtschaft.uni-giessen.de/ Status:200
2022-01-06 09:16 https://experiment.wiwi.uni-jena.de/public/ Status:200
2022-01-06 09:17 tobias-weiss.org Status:200
2022-01-06 09:17 https://experimente.wirtschaft.uni-giessen.de/ Status:200
2022-01-06 09:17 https://experiment.wiwi.uni-jena.de/public/ Status:200
2022-01-06 09:18 tobias-weiss.org Status:200
2022-01-06 09:18 https://experimente.wirtschaft.uni-giessen.de/ Status:200
2022-01-06 09:18 https://experiment.wiwi.uni-jena.de/public/ Status:200
2022-01-06 09:19 tobias-weiss.org Status:200
2022-01-06 09:19 https://experimente.wirtschaft.uni-giessen.de/ Status:200
2022-01-06 09:19 https://experiment.wiwi.uni-jena.de/public/ Status:200
2022-01-06 09:20 tobias-weiss.org Status:200
2022-01-06 09:20 https://experimente.wirtschaft.uni-giessen.de/ Status:200
2022-01-06 09:20 https://experiment.wiwi.uni-jena.de/public/ Status:200
2022-01-06 09:21 tobias-weiss.org Status:200
2022-01-06 09:21 https://experimente.wirtschaft.uni-giessen.de/ Status:200
2022-01-06 09:21 https://experiment.wiwi.uni-jena.de/public/ Status:200
2022-01-06 09:22 tobias-weiss.org Status:200
2022-01-06 09:22 https://experimente.wirtschaft.uni-giessen.de/ Status:200
2022-01-06 09:22 https://experiment.wiwi.uni-jena.de/public/ Status:200
2022-01-06 09:23 tobias-weiss.org Status:200
2022-01-06 09:23 https://experimente.wirtschaft.uni-giessen.de/ Status:200
2022-01-06 09:23 https://experiment.wiwi.uni-jena.de/public/ Status:200
2022-01-06 09:24 tobias-weiss.org Status:200
2022-01-06 09:24 https://experimente.wirtschaft.uni-giessen.de/ Status:200
2022-01-06 09:24 https://experiment.wiwi.uni-jena.de/public/ Status:200
2022-01-06 09:25 tobias-weiss.org Status:200
2022-01-06 09:25 https://experimente.wirtschaft.uni-giessen.de/ Status:200
2022-01-06 09:25 https://experiment.wiwi.uni-jena.de/public/ Status:200
2022-01-06 09:26 tobias-weiss.org Status:200
2022-01-06 09:26 https://experimente.wirtschaft.uni-giessen.de/ Status:200
2022-01-06 09:26 https://experiment.wiwi.uni-jena.de/public/ Status:200
2022-01-06 09:27 tobias-weiss.org Status:200
2022-01-06 09:27 https://experimente.wirtschaft.uni-giessen.de/ Status:200
2022-01-06 09:27 https://experiment.wiwi.uni-jena.de/public/ Status:200
2022-01-06 09:28 tobias-weiss.org Status:200
2022-01-06 09:28 https://experimente.wirtschaft.uni-giessen.de/ Status:200
2022-01-06 09:28 https://experiment.wiwi.uni-jena.de/public/ Status:200
2022-01-06 09:29 tobias-weiss.org Status:200
2022-01-06 09:29 https://experimente.wirtschaft.uni-giessen.de/ Status:200
2022-01-06 09:29 https://experiment.wiwi.uni-jena.de/public/ Status:200
2022-01-06 09:30 tobias-weiss.org Status:200
2022-01-06 09:30 https://experimente.wirtschaft.uni-giessen.de/ Status:200
2022-01-06 09:30 https://experiment.wiwi.uni-jena.de/public/ Status:200
2022-01-06 09:31 tobias-weiss.org Status:200
2022-01-06 09:31 https://experimente.wirtschaft.uni-giessen.de/ Status:200
2022-01-06 09:31 https://experiment.wiwi.uni-jena.de/public/ Status:200
2022-01-06 09:32 tobias-weiss.org Status:200
2022-01-06 09:32 https://experimente.wirtschaft.uni-giessen.de/ Status:200
2022-01-06 09:32 https://experiment.wiwi.uni-jena.de/public/ Status:200
2022-01-06 09:33 tobias-weiss.org Status:200
2022-01-06 09:33 https://experimente.wirtschaft.uni-giessen.de/ Status:200
2022-01-06 09:33 https://experiment.wiwi.uni-jena.de/public/ Status:200
2022-01-06 09:34 tobias-weiss.org Status:200
2022-01-06 09:34 https://experimente.wirtschaft.uni-giessen.de/ Status:200
2022-01-06 09:34 https://experiment.wiwi.uni-jena.de/public/ Status:200
2022-01-06 09:35 tobias-weiss.org Status:200
2022-01-06 09:35 https://experimente.wirtschaft.uni-giessen.de/ Status:200
2022-01-06 09:35 https://experiment.wiwi.uni-jena.de/public/ Status:200
2022-01-06 09:36 tobias-weiss.org Status:200
2022-01-06 09:36 https://experimente.wirtschaft.uni-giessen.de/ Status:200
2022-01-06 09:36 https://experiment.wiwi.uni-jena.de/public/ Status:200
2022-01-06 09:37 tobias-weiss.org Status:200
2022-01-06 09:37 https://experimente.wirtschaft.uni-giessen.de/ Status:200
2022-01-06 09:37 https://experiment.wiwi.uni-jena.de/public/ Status:200
2022-01-06 09:38 tobias-weiss.org Status:200
2022-01-06 09:38 https://experimente.wirtschaft.uni-giessen.de/ Status:200
2022-01-06 09:38 https://experiment.wiwi.uni-jena.de/public/ Status:200
2022-01-06 09:39 tobias-weiss.org Status:200
2022-01-06 09:39 https://experimente.wirtschaft.uni-giessen.de/ Status:200
2022-01-06 09:39 https://experiment.wiwi.uni-jena.de/public/ Status:200
2022-01-06 09:40 tobias-weiss.org Status:200
2022-01-06 09:40 https://experimente.wirtschaft.uni-giessen.de/ Status:200
2022-01-06 09:40 https://experiment.wiwi.uni-jena.de/public/ Status:200
2022-01-06 09:41 tobias-weiss.org Status:200
2022-01-06 09:41 https://experimente.wirtschaft.uni-giessen.de/ Status:200
2022-01-06 09:41 https://experiment.wiwi.uni-jena.de/public/ Status:200
2022-01-06 09:42 tobias-weiss.org Status:200
2022-01-06 09:42 https://experimente.wirtschaft.uni-giessen.de/ Status:200
2022-01-06 09:42 https://experiment.wiwi.uni-jena.de/public/ Status:200
2022-01-06 09:43 tobias-weiss.org Status:200
2022-01-06 09:43 https://experimente.wirtschaft.uni-giessen.de/ Status:200
2022-01-06 09:43 https://experiment.wiwi.uni-jena.de/public/ Status:200
2022-01-06 09:44 tobias-weiss.org Status:200
2022-01-06 09:44 https://experimente.wirtschaft.uni-giessen.de/ Status:200
2022-01-06 09:44 https://experiment.wiwi.uni-jena.de/public/ Status:200
2022-01-06 09:45 tobias-weiss.org Status:200
2022-01-06 09:45 https://experimente.wirtschaft.uni-giessen.de/ Status:200
2022-01-06 09:45 https://experiment.wiwi.uni-jena.de/public/ Status:200
2022-01-06 09:46 tobias-weiss.org Status:200
2022-01-06 09:46 https://experimente.wirtschaft.uni-giessen.de/ Status:200
2022-01-06 09:46 https://experiment.wiwi.uni-jena.de/public/ Status:200
2022-01-06 09:47 tobias-weiss.org Status:200
2022-01-06 09:47 https://experimente.wirtschaft.uni-giessen.de/ Status:200
2022-01-06 09:47 https://experiment.wiwi.uni-jena.de/public/ Status:200
2022-01-06 09:48 tobias-weiss.org Status:200
2022-01-06 09:48 https://experimente.wirtschaft.uni-giessen.de/ Status:200
2022-01-06 09:48 https://experiment.wiwi.uni-jena.de/public/ Status:200
2022-01-06 09:49 tobias-weiss.org Status:200
2022-01-06 09:49 https://experimente.wirtschaft.uni-giessen.de/ Status:200
2022-01-06 09:49 https://experiment.wiwi.uni-jena.de/public/ Status:200
2022-01-06 09:50 tobias-weiss.org Status:200
2022-01-06 09:50 https://experimente.wirtschaft.uni-giessen.de/ Status:200
2022-01-06 09:50 https://experiment.wiwi.uni-jena.de/public/ Status:200
2022-01-06 09:51 tobias-weiss.org Status:200
2022-01-06 09:51 https://experimente.wirtschaft.uni-giessen.de/ Status:200
2022-01-06 09:51 https://experiment.wiwi.uni-jena.de/public/ Status:200
2022-01-06 09:52 tobias-weiss.org Status:200
2022-01-06 09:52 https://experimente.wirtschaft.uni-giessen.de/ Status:200
2022-01-06 09:52 https://experiment.wiwi.uni-jena.de/public/ Status:200
2022-01-06 09:53 tobias-weiss.org Status:200
2022-01-06 09:53 https://experimente.wirtschaft.uni-giessen.de/ Status:200
2022-01-06 09:53 https://experiment.wiwi.uni-jena.de/public/ Status:200
2022-01-06 09:54 tobias-weiss.org Status:200
2022-01-06 09:54 https://experimente.wirtschaft.uni-giessen.de/ Status:200
2022-01-06 09:54 https://experiment.wiwi.uni-jena.de/public/ Status:200
2022-01-06 09:55 tobias-weiss.org Status:200
2022-01-06 09:55 https://experimente.wirtschaft.uni-giessen.de/ Status:200
2022-01-06 09:55 https://experiment.wiwi.uni-jena.de/public/ Status:200
2022-01-06 09:56 tobias-weiss.org Status:200
2022-01-06 09:56 https://experimente.wirtschaft.uni-giessen.de/ Status:200
2022-01-06 09:56 https://experiment.wiwi.uni-jena.de/public/ Status:200
2022-01-06 09:57 tobias-weiss.org Status:200
2022-01-06 09:57 https://experimente.wirtschaft.uni-giessen.de/ Status:200
2022-01-06 09:57 https://experiment.wiwi.uni-jena.de/public/ Status:200
2022-01-06 09:58 tobias-weiss.org Status:200
2022-01-06 09:58 https://experimente.wirtschaft.uni-giessen.de/ Status:200
2022-01-06 09:58 https://experiment.wiwi.uni-jena.de/public/ Status:200
2022-01-06 09:59 tobias-weiss.org Status:200
2022-01-06 09:59 https://experimente.wirtschaft.uni-giessen.de/ Status:200
2022-01-06 09:59 https://experiment.wiwi.uni-jena.de/public/ Status:200
2022-01-06 10:00 tobias-weiss.org Status:200
2022-01-06 10:00 https://experimente.wirtschaft.uni-giessen.de/ Status:200
2022-01-06 10:00 https://experiment.wiwi.uni-jena.de/public/ Status:200
2022-01-06 10:01 tobias-weiss.org Status:200
2022-01-06 10:01 https://experimente.wirtschaft.uni-giessen.de/ Status:200
2022-01-06 10:01 https://experiment.wiwi.uni-jena.de/public/ Status:200
2022-01-06 10:02 tobias-weiss.org Status:200
2022-01-06 10:02 https://experimente.wirtschaft.uni-giessen.de/ Status:200
2022-01-06 10:02 https://experiment.wiwi.uni-jena.de/public/ Status:200
2022-01-06 10:03 tobias-weiss.org Status:200
2022-01-06 10:03 https://experimente.wirtschaft.uni-giessen.de/ Status:200
2022-01-06 10:03 https://experiment.wiwi.uni-jena.de/public/ Status:200
2022-01-06 10:04 tobias-weiss.org Status:200
2022-01-06 10:04 https://experimente.wirtschaft.uni-giessen.de/ Status:200
2022-01-06 10:04 https://experiment.wiwi.uni-jena.de/public/ Status:200
2022-01-06 10:05 tobias-weiss.org Status:200
2022-01-06 10:05 https://experimente.wirtschaft.uni-giessen.de/ Status:200
2022-01-06 10:05 https://experiment.wiwi.uni-jena.de/public/ Status:200
2022-01-06 10:06 tobias-weiss.org Status:200
2022-01-06 10:06 https://experimente.wirtschaft.uni-giessen.de/ Status:200
2022-01-06 10:06 https://experiment.wiwi.uni-jena.de/public/ Status:200
2022-01-06 10:07 tobias-weiss.org Status:200
2022-01-06 10:07 https://experimente.wirtschaft.uni-giessen.de/ Status:200
2022-01-06 10:07 https://experiment.wiwi.uni-jena.de/public/ Status:200
2022-01-06 10:08 tobias-weiss.org Status:200
2022-01-06 10:08 https://experimente.wirtschaft.uni-giessen.de/ Status:200
2022-01-06 10:08 https://experiment.wiwi.uni-jena.de/public/ Status:200
2022-01-06 10:09 tobias-weiss.org Status:200
2022-01-06 10:09 https://experimente.wirtschaft.uni-giessen.de/ Status:200
2022-01-06 10:09 https://experiment.wiwi.uni-jena.de/public/ Status:200
2022-01-06 10:10 tobias-weiss.org Status:200
2022-01-06 10:10 https://experimente.wirtschaft.uni-giessen.de/ Status:200
2022-01-06 10:10 https://experiment.wiwi.uni-jena.de/public/ Status:200
2022-01-06 10:11 tobias-weiss.org Status:200
2022-01-06 10:11 https://experimente.wirtschaft.uni-giessen.de/ Status:200
2022-01-06 10:11 https://experiment.wiwi.uni-jena.de/public/ Status:200
2022-01-06 10:12 tobias-weiss.org Status:200
2022-01-06 10:12 https://experimente.wirtschaft.uni-giessen.de/ Status:200
2022-01-06 10:12 https://experiment.wiwi.uni-jena.de/public/ Status:200
2022-01-06 10:13 tobias-weiss.org Status:200
2022-01-06 10:13 https://experimente.wirtschaft.uni-giessen.de/ Status:200
2022-01-06 10:13 https://experiment.wiwi.uni-jena.de/public/ Status:200
2022-01-06 10:14 tobias-weiss.org Status:200
2022-01-06 10:14 https://experimente.wirtschaft.uni-giessen.de/ Status:200
2022-01-06 10:14 https://experiment.wiwi.uni-jena.de/public/ Status:200
2022-01-06 10:15 tobias-weiss.org Status:200
2022-01-06 10:15 https://experimente.wirtschaft.uni-giessen.de/ Status:200
2022-01-06 10:15 https://experiment.wiwi.uni-jena.de/public/ Status:200
2022-01-06 10:16 tobias-weiss.org Status:200
2022-01-06 10:16 https://experimente.wirtschaft.uni-giessen.de/ Status:200
2022-01-06 10:16 https://experiment.wiwi.uni-jena.de/public/ Status:200
2022-01-06 10:17 tobias-weiss.org Status:200
2022-01-06 10:17 https://experimente.wirtschaft.uni-giessen.de/ Status:200
2022-01-06 10:17 https://experiment.wiwi.uni-jena.de/public/ Status:200
2022-01-06 10:18 tobias-weiss.org Status:200
2022-01-06 10:18 https://experimente.wirtschaft.uni-giessen.de/ Status:200
2022-01-06 10:18 https://experiment.wiwi.uni-jena.de/public/ Status:200
2022-01-06 10:19 tobias-weiss.org Status:200
2022-01-06 10:19 https://experimente.wirtschaft.uni-giessen.de/ Status:200
2022-01-06 10:19 https://experiment.wiwi.uni-jena.de/public/ Status:200
2022-01-06 10:20 tobias-weiss.org Status:200
2022-01-06 10:20 https://experimente.wirtschaft.uni-giessen.de/ Status:200
2022-01-06 10:20 https://experiment.wiwi.uni-jena.de/public/ Status:200
2022-01-06 10:21 tobias-weiss.org Status:200
2022-01-06 10:21 https://experimente.wirtschaft.uni-giessen.de/ Status:200
2022-01-06 10:21 https://experiment.wiwi.uni-jena.de/public/ Status:200
2022-01-06 10:22 tobias-weiss.org Status:200
2022-01-06 10:22 https://experimente.wirtschaft.uni-giessen.de/ Status:200
2022-01-06 10:22 https://experiment.wiwi.uni-jena.de/public/ Status:200
2022-01-06 10:23 tobias-weiss.org Status:200
2022-01-06 10:23 https://experimente.wirtschaft.uni-giessen.de/ Status:200
2022-01-06 10:23 https://experiment.wiwi.uni-jena.de/public/ Status:200
2022-01-06 10:24 tobias-weiss.org Status:200
2022-01-06 10:24 https://experimente.wirtschaft.uni-giessen.de/ Status:200
2022-01-06 10:24 https://experiment.wiwi.uni-jena.de/public/ Status:200
2022-01-06 10:25 tobias-weiss.org Status:200
2022-01-06 10:25 https://experimente.wirtschaft.uni-giessen.de/ Status:200
2022-01-06 10:25 https://experiment.wiwi.uni-jena.de/public/ Status:200
2022-01-06 10:26 tobias-weiss.org Status:200
2022-01-06 10:26 https://experimente.wirtschaft.uni-giessen.de/ Status:200
2022-01-06 10:26 https://experiment.wiwi.uni-jena.de/public/ Status:200
2022-01-06 10:27 tobias-weiss.org Status:200
2022-01-06 10:27 https://experimente.wirtschaft.uni-giessen.de/ Status:200
2022-01-06 10:27 https://experiment.wiwi.uni-jena.de/public/ Status:200
2022-01-06 10:28 tobias-weiss.org Status:200
2022-01-06 10:28 https://experimente.wirtschaft.uni-giessen.de/ Status:200
2022-01-06 10:28 https://experiment.wiwi.uni-jena.de/public/ Status:200
2022-01-06 10:29 tobias-weiss.org Status:200
2022-01-06 10:29 https://experimente.wirtschaft.uni-giessen.de/ Status:200
2022-01-06 10:29 https://experiment.wiwi.uni-jena.de/public/ Status:200
2022-01-06 10:30 tobias-weiss.org Status:200
2022-01-06 10:30 https://experimente.wirtschaft.uni-giessen.de/ Status:200
2022-01-06 10:30 https://experiment.wiwi.uni-jena.de/public/ Status:200
2022-01-06 10:31 tobias-weiss.org Status:200
2022-01-06 10:31 https://experimente.wirtschaft.uni-giessen.de/ Status:200
2022-01-06 10:31 https://experiment.wiwi.uni-jena.de/public/ Status:200
2022-01-06 10:32 tobias-weiss.org Status:200
2022-01-06 10:32 https://experimente.wirtschaft.uni-giessen.de/ Status:200
2022-01-06 10:32 https://experiment.wiwi.uni-jena.de/public/ Status:200
2022-01-06 10:33 tobias-weiss.org Status:200
2022-01-06 10:33 https://experimente.wirtschaft.uni-giessen.de/ Status:200
2022-01-06 10:33 https://experiment.wiwi.uni-jena.de/public/ Status:200
2022-01-06 10:34 tobias-weiss.org Status:200
2022-01-06 10:34 https://experimente.wirtschaft.uni-giessen.de/ Status:200
2022-01-06 10:34 https://experiment.wiwi.uni-jena.de/public/ Status:200
